<?xml version="1.0" encoding="UTF-8"?>
<!-- Generated by org.testng.reporters.JUnitXMLReporter -->
<testsuite hostname="Sudips-MacBook-Air.local" ignored="0" name="s" tests="1" failures="0" timestamp="04 Aug 2018 13:07:00 GMT" time="0.134" errors="0">
  <testcase name="@BeforeClass instantiateDriver" time="0.042" classname="com.hdfclife.insurance.utility.InsuranceTestCase">
    <failure type="java.lang.NumberFormatException" message="null">
      <![CDATA[java.lang.NumberFormatException: null
at java.lang.Integer.parseInt(Integer.java:542)
at java.lang.Integer.parseInt(Integer.java:615)
at com.hdfclife.insurance.utility.WebDriverFactory.<init>(WebDriverFactory.java:36)
at com.hdfclife.insurance.utility.WebDriverFactory.getInstance(WebDriverFactory.java:27)
at com.hdfclife.insurance.utility.InsuranceTestCase.instantiateDriver(InsuranceTestCase.java:23)
... Removed 26 stack frames]]>
    </failure>
  </testcase> <!-- @BeforeClass instantiateDriver -->
  <testcase name="@BeforeClass logCurrentClassName" time="0.0" classname="com.hdfclife.insurance.utility.InsuranceTestCase">
    <skipped/>
  </testcase> <!-- @BeforeClass logCurrentClassName -->
  <testcase name="@BeforeClass instantiateHomePage" time="0.0" classname="com.hdfclife.insurance.test.HdfclifeTest">
    <skipped/>
  </testcase> <!-- @BeforeClass instantiateHomePage -->
  <testcase name="@AfterMethod logTestStatus" time="0.0" classname="com.hdfclife.insurance.utility.InsuranceTestCase">
    <skipped/>
  </testcase> <!-- @AfterMethod logTestStatus -->
  <testcase name="@AfterClass closeBrowser" time="0.001" classname="com.hdfclife.insurance.utility.InsuranceTestCase">
    <failure type="java.lang.NullPointerException">
      <![CDATA[java.lang.NullPointerException
at com.hdfclife.insurance.utility.InsuranceTestCase.closeBrowser(InsuranceTestCase.java:41)
... Removed 26 stack frames]]>
    </failure>
  </testcase> <!-- @AfterClass closeBrowser -->
  <testcase name="verifyLinksCount" time="0.0" classname="com.hdfclife.insurance.test.HdfclifeTest">
    <skipped/>
  </testcase> <!-- verifyLinksCount -->
</testsuite> <!-- s -->
