<?xml version="1.0" encoding="UTF-8"?>
<testng-results skipped="0" failed="0" ignored="0" total="1" passed="1">
  <reporter-output>
  </reporter-output>
  <suite name="Default suite" duration-ms="23671" started-at="2018-08-05T03:54:03Z" finished-at="2018-08-05T03:54:26Z">
    <groups>
    </groups>
    <test name="Default test" duration-ms="23671" started-at="2018-08-05T03:54:03Z" finished-at="2018-08-05T03:54:26Z">
      <class name="com.hdfclife.insurance.test.HdfclifeTest">
        <test-method status="PASS" signature="instantiateDriver()[pri:0, instance:com.hdfclife.insurance.test.HdfclifeTest@5e3a8624]" name="instantiateDriver" is-config="true" duration-ms="9363" started-at="2018-08-05T03:54:03Z" finished-at="2018-08-05T03:54:12Z">
          <reporter-output>
          </reporter-output>
        </test-method> <!-- instantiateDriver -->
        <test-method status="PASS" signature="logCurrentClassName()[pri:0, instance:com.hdfclife.insurance.test.HdfclifeTest@5e3a8624]" name="logCurrentClassName" is-config="true" duration-ms="9" started-at="2018-08-05T03:54:12Z" finished-at="2018-08-05T03:54:12Z">
          <reporter-output>
          </reporter-output>
        </test-method> <!-- logCurrentClassName -->
        <test-method status="PASS" signature="verifyBasicDetailsEntry()[pri:0, instance:com.hdfclife.insurance.test.HdfclifeTest@5e3a8624]" name="verifyBasicDetailsEntry" duration-ms="14140" started-at="2018-08-05T03:54:12Z" finished-at="2018-08-05T03:54:26Z">
          <reporter-output>
          </reporter-output>
        </test-method> <!-- verifyBasicDetailsEntry -->
        <test-method status="PASS" signature="logTestStatus(org.testng.ITestResult)[pri:0, instance:com.hdfclife.insurance.test.HdfclifeTest@5e3a8624]" name="logTestStatus" is-config="true" duration-ms="5" started-at="2018-08-05T03:54:26Z" finished-at="2018-08-05T03:54:26Z">
          <params>
            <param index="0">
              <value>
                <![CDATA[[TestResult name=verifyBasicDetailsEntry status=SUCCESS method=HdfclifeTest.verifyBasicDetailsEntry()[pri:0, instance:com.hdfclife.insurance.test.HdfclifeTest@5e3a8624] output={null}]]]>
              </value>
            </param>
          </params>
          <reporter-output>
          </reporter-output>
        </test-method> <!-- logTestStatus -->
        <test-method status="PASS" signature="closeBrowser()[pri:0, instance:com.hdfclife.insurance.test.HdfclifeTest@5e3a8624]" name="closeBrowser" is-config="true" duration-ms="0" started-at="2018-08-05T03:54:26Z" finished-at="2018-08-05T03:54:26Z">
          <reporter-output>
          </reporter-output>
        </test-method> <!-- closeBrowser -->
      </class> <!-- com.hdfclife.insurance.test.HdfclifeTest -->
    </test> <!-- Default test -->
  </suite> <!-- Default suite -->
</testng-results>
